{"/Users/max/CSC/404Found...ers/packages/backend/models/user.js": {"path":"/Users/max/CSC/404Found...ers/packages/backend/models/user.js","statementMap":{"0":{"start":{"line":3,"column":20},"end":{"line":20,"column":2}},"1":{"start":{"line":22,"column":25},"end":{"line":44,"column":2}},"2":{"start":{"line":46,"column":19},"end":{"line":58,"column":2}},"3":{"start":{"line":60,"column":13},"end":{"line":60,"column":47}},"4":{"start":{"line":61,"column":19},"end":{"line":61,"column":65}}},"fnMap":{},"branchMap":{},"s":{"0":1,"1":1,"2":1,"3":1,"4":1},"f":{},"b":{},"inputSourceMap":null,"_coverageSchema":"1a1c01bbd47fc00a2c39e90264f33305004495a9","hash":"78f3a6fdb7117e949d77691dc8cce424c6a2b709"}
,"/Users/max/CSC/404Found...ers/packages/backend/services/generateSeed.js": {"path":"/Users/max/CSC/404Found...ers/packages/backend/services/generateSeed.js","statementMap":{"0":{"start":{"line":8,"column":2},"end":{"line":8,"column":55}},"1":{"start":{"line":8,"column":30},"end":{"line":8,"column":47}},"2":{"start":{"line":18,"column":2},"end":{"line":22,"column":4}},"3":{"start":{"line":20,"column":27},"end":{"line":20,"column":50}},"4":{"start":{"line":21,"column":24},"end":{"line":21,"column":29}},"5":{"start":{"line":21,"column":61},"end":{"line":21,"column":66}},"6":{"start":{"line":32,"column":19},"end":{"line":41,"column":3}},"7":{"start":{"line":45,"column":18},"end":{"line":50,"column":3}},"8":{"start":{"line":52,"column":2},"end":{"line":57,"column":4}}},"fnMap":{"0":{"name":"findScore","decl":{"start":{"line":7,"column":9},"end":{"line":7,"column":18}},"loc":{"start":{"line":7,"column":38},"end":{"line":9,"column":1}},"line":7},"1":{"name":"(anonymous_1)","decl":{"start":{"line":8,"column":23},"end":{"line":8,"column":24}},"loc":{"start":{"line":8,"column":30},"end":{"line":8,"column":47}},"line":8},"2":{"name":"getMeasure","decl":{"start":{"line":17,"column":9},"end":{"line":17,"column":19}},"loc":{"start":{"line":17,"column":41},"end":{"line":23,"column":1}},"line":17},"3":{"name":"(anonymous_3)","decl":{"start":{"line":20,"column":11},"end":{"line":20,"column":12}},"loc":{"start":{"line":20,"column":27},"end":{"line":20,"column":50}},"line":20},"4":{"name":"(anonymous_4)","decl":{"start":{"line":21,"column":14},"end":{"line":21,"column":15}},"loc":{"start":{"line":21,"column":24},"end":{"line":21,"column":29}},"line":21},"5":{"name":"(anonymous_5)","decl":{"start":{"line":21,"column":51},"end":{"line":21,"column":52}},"loc":{"start":{"line":21,"column":61},"end":{"line":21,"column":66}},"line":21},"6":{"name":"generateSeed","decl":{"start":{"line":30,"column":9},"end":{"line":30,"column":21}},"loc":{"start":{"line":30,"column":32},"end":{"line":58,"column":1}},"line":30}},"branchMap":{},"s":{"0":10,"1":43,"2":4,"3":32,"4":32,"5":32,"6":1,"7":1,"8":1},"f":{"0":10,"1":43,"2":4,"3":32,"4":32,"5":32,"6":1},"b":{},"inputSourceMap":null,"_coverageSchema":"1a1c01bbd47fc00a2c39e90264f33305004495a9","hash":"4dd38194ded8360c04a60319edf3ced24693ad2a"}
,"/Users/max/CSC/404Found...ers/packages/backend/services/mongoServices.js": {"path":"/Users/max/CSC/404Found...ers/packages/backend/services/mongoServices.js","statementMap":{"0":{"start":{"line":9,"column":21},"end":{"line":9,"column":35}},"1":{"start":{"line":10,"column":20},"end":{"line":10,"column":35}},"2":{"start":{"line":11,"column":4},"end":{"line":11,"column":18}},"3":{"start":{"line":19,"column":15},"end":{"line":19,"column":45}},"4":{"start":{"line":20,"column":4},"end":{"line":25,"column":5}},"5":{"start":{"line":21,"column":8},"end":{"line":24,"column":11}},"6":{"start":{"line":26,"column":4},"end":{"line":26,"column":15}},"7":{"start":{"line":34,"column":4},"end":{"line":36,"column":36}},"8":{"start":{"line":36,"column":18},"end":{"line":36,"column":34}},"9":{"start":{"line":45,"column":4},"end":{"line":45,"column":56}},"10":{"start":{"line":53,"column":4},"end":{"line":53,"column":33}},"11":{"start":{"line":54,"column":4},"end":{"line":54,"column":45}},"12":{"start":{"line":62,"column":15},"end":{"line":62,"column":45}},"13":{"start":{"line":64,"column":4},"end":{"line":66,"column":5}},"14":{"start":{"line":65,"column":8},"end":{"line":65,"column":42}},"15":{"start":{"line":68,"column":27},"end":{"line":74,"column":6}},"16":{"start":{"line":76,"column":4},"end":{"line":79,"column":7}},"17":{"start":{"line":77,"column":4},"end":{"line":77,"column":47}},"18":{"start":{"line":78,"column":4},"end":{"line":78,"column":51}},"19":{"start":{"line":78,"column":34},"end":{"line":78,"column":49}}},"fnMap":{"0":{"name":"addUser","decl":{"start":{"line":8,"column":9},"end":{"line":8,"column":16}},"loc":{"start":{"line":8,"column":23},"end":{"line":12,"column":1}},"line":8},"1":{"name":"findUser","decl":{"start":{"line":18,"column":15},"end":{"line":18,"column":23}},"loc":{"start":{"line":18,"column":35},"end":{"line":27,"column":1}},"line":18},"2":{"name":"findSuggestions","decl":{"start":{"line":33,"column":9},"end":{"line":33,"column":24}},"loc":{"start":{"line":33,"column":36},"end":{"line":37,"column":1}},"line":33},"3":{"name":"(anonymous_3)","decl":{"start":{"line":36,"column":10},"end":{"line":36,"column":11}},"loc":{"start":{"line":36,"column":18},"end":{"line":36,"column":34}},"line":36},"4":{"name":"removeSuggestions","decl":{"start":{"line":44,"column":9},"end":{"line":44,"column":26}},"loc":{"start":{"line":44,"column":38},"end":{"line":46,"column":1}},"line":44},"5":{"name":"removeUser","decl":{"start":{"line":52,"column":9},"end":{"line":52,"column":19}},"loc":{"start":{"line":52,"column":31},"end":{"line":55,"column":1}},"line":52},"6":{"name":"addSuggestion","decl":{"start":{"line":61,"column":15},"end":{"line":61,"column":28}},"loc":{"start":{"line":61,"column":52},"end":{"line":80,"column":1}},"line":61},"7":{"name":"(anonymous_7)","decl":{"start":{"line":76,"column":38},"end":{"line":76,"column":39}},"loc":{"start":{"line":76,"column":59},"end":{"line":79,"column":5}},"line":76},"8":{"name":"(anonymous_8)","decl":{"start":{"line":78,"column":28},"end":{"line":78,"column":29}},"loc":{"start":{"line":78,"column":34},"end":{"line":78,"column":49}},"line":78}},"branchMap":{"0":{"loc":{"start":{"line":20,"column":4},"end":{"line":25,"column":5}},"type":"if","locations":[{"start":{"line":20,"column":4},"end":{"line":25,"column":5}},{"start":{},"end":{}}],"line":20},"1":{"loc":{"start":{"line":64,"column":4},"end":{"line":66,"column":5}},"type":"if","locations":[{"start":{"line":64,"column":4},"end":{"line":66,"column":5}},{"start":{},"end":{}}],"line":64}},"s":{"0":1,"1":1,"2":1,"3":2,"4":2,"5":0,"6":2,"7":1,"8":1,"9":1,"10":1,"11":1,"12":0,"13":0,"14":0,"15":0,"16":0,"17":0,"18":0,"19":0},"f":{"0":1,"1":2,"2":1,"3":1,"4":1,"5":1,"6":0,"7":0,"8":0},"b":{"0":[0,2],"1":[0,0]},"inputSourceMap":null,"_coverageSchema":"1a1c01bbd47fc00a2c39e90264f33305004495a9","hash":"8b3b3190b98272e17d4e4a344541d71a12f4a204"}
,"/Users/max/CSC/404Found...ers/packages/backend/services/spotifyServices.js": {"path":"/Users/max/CSC/404Found...ers/packages/backend/services/spotifyServices.js","statementMap":{"0":{"start":{"line":7,"column":14},"end":{"line":7,"column":45}},"1":{"start":{"line":9,"column":19},"end":{"line":13,"column":4}},"2":{"start":{"line":15,"column":19},"end":{"line":15,"column":40}},"3":{"start":{"line":17,"column":2},"end":{"line":19,"column":3}},"4":{"start":{"line":18,"column":4},"end":{"line":18,"column":14}},"5":{"start":{"line":20,"column":2},"end":{"line":20,"column":21}},"6":{"start":{"line":30,"column":14},"end":{"line":30,"column":57}},"7":{"start":{"line":32,"column":19},"end":{"line":40,"column":4}},"8":{"start":{"line":42,"column":23},"end":{"line":42,"column":44}},"9":{"start":{"line":43,"column":2},"end":{"line":43,"column":51}},"10":{"start":{"line":43,"column":42},"end":{"line":43,"column":49}}},"fnMap":{"0":{"name":"getUserId","decl":{"start":{"line":6,"column":15},"end":{"line":6,"column":24}},"loc":{"start":{"line":6,"column":38},"end":{"line":21,"column":1}},"line":6},"1":{"name":"getUserTopTracks","decl":{"start":{"line":29,"column":15},"end":{"line":29,"column":31}},"loc":{"start":{"line":29,"column":52},"end":{"line":44,"column":1}},"line":29},"2":{"name":"(anonymous_2)","decl":{"start":{"line":43,"column":32},"end":{"line":43,"column":33}},"loc":{"start":{"line":43,"column":42},"end":{"line":43,"column":49}},"line":43}},"branchMap":{"0":{"loc":{"start":{"line":17,"column":2},"end":{"line":19,"column":3}},"type":"if","locations":[{"start":{"line":17,"column":2},"end":{"line":19,"column":3}},{"start":{},"end":{}}],"line":17}},"s":{"0":0,"1":0,"2":0,"3":0,"4":0,"5":0,"6":0,"7":0,"8":0,"9":0,"10":0},"f":{"0":0,"1":0,"2":0},"b":{"0":[0,0]},"inputSourceMap":null,"_coverageSchema":"1a1c01bbd47fc00a2c39e90264f33305004495a9","hash":"a0ae5755fef606a126f0dce99c4f55a382a4d617"}
,"/Users/max/CSC/404Found...ers/packages/backend/services/suggestionService.js": {"path":"/Users/max/CSC/404Found...ers/packages/backend/services/suggestionService.js","statementMap":{"0":{"start":{"line":8,"column":2},"end":{"line":11,"column":9}},"1":{"start":{"line":9,"column":18},"end":{"line":9,"column":49}},"2":{"start":{"line":20,"column":14},"end":{"line":20,"column":67}},"3":{"start":{"line":21,"column":19},"end":{"line":28,"column":4}},"4":{"start":{"line":30,"column":23},"end":{"line":30,"column":44}},"5":{"start":{"line":31,"column":2},"end":{"line":31,"column":71}},"6":{"start":{"line":31,"column":45},"end":{"line":31,"column":69}},"7":{"start":{"line":43,"column":15},"end":{"line":46,"column":3}},"8":{"start":{"line":49,"column":23},"end":{"line":49,"column":55}},"9":{"start":{"line":50,"column":2},"end":{"line":50,"column":22}}},"fnMap":{"0":{"name":"getMainEmotion","decl":{"start":{"line":7,"column":9},"end":{"line":7,"column":23}},"loc":{"start":{"line":7,"column":33},"end":{"line":12,"column":1}},"line":7},"1":{"name":"(anonymous_1)","decl":{"start":{"line":9,"column":4},"end":{"line":9,"column":5}},"loc":{"start":{"line":9,"column":18},"end":{"line":9,"column":49}},"line":9},"2":{"name":"getRecommendedTracks","decl":{"start":{"line":19,"column":15},"end":{"line":19,"column":35}},"loc":{"start":{"line":19,"column":42},"end":{"line":32,"column":1}},"line":19},"3":{"name":"(anonymous_3)","decl":{"start":{"line":31,"column":34},"end":{"line":31,"column":35}},"loc":{"start":{"line":31,"column":45},"end":{"line":31,"column":69}},"line":31},"4":{"name":"getSuggestions","decl":{"start":{"line":41,"column":15},"end":{"line":41,"column":29}},"loc":{"start":{"line":41,"column":55},"end":{"line":51,"column":1}},"line":41}},"branchMap":{"0":{"loc":{"start":{"line":9,"column":18},"end":{"line":9,"column":49}},"type":"cond-expr","locations":[{"start":{"line":9,"column":41},"end":{"line":9,"column":43}},{"start":{"line":9,"column":46},"end":{"line":9,"column":49}}],"line":9}},"s":{"0":1,"1":8,"2":0,"3":0,"4":0,"5":0,"6":0,"7":0,"8":0,"9":0},"f":{"0":1,"1":8,"2":0,"3":0,"4":0},"b":{"0":[2,6]},"inputSourceMap":null,"_coverageSchema":"1a1c01bbd47fc00a2c39e90264f33305004495a9","hash":"75fcd7a1eb89ead2ea14b138d14d5728fa388d43"}
}
