TN:
SF:models/user.js
FNF:0
FNH:0
DA:3,1
DA:22,1
DA:46,1
DA:60,1
DA:61,1
LF:5
LH:5
BRF:0
BRH:0
end_of_record
TN:
SF:services/generateSeed.js
FN:7,findScore
FN:8,(anonymous_1)
FN:17,getMeasure
FN:20,(anonymous_3)
FN:21,(anonymous_4)
FN:21,(anonymous_5)
FN:30,generateSeed
FNF:7
FNH:7
FNDA:10,findScore
FNDA:43,(anonymous_1)
FNDA:4,getMeasure
FNDA:32,(anonymous_3)
FNDA:32,(anonymous_4)
FNDA:32,(anonymous_5)
FNDA:1,generateSeed
DA:8,43
DA:18,4
DA:20,32
DA:21,32
DA:32,1
DA:45,1
DA:52,1
LF:7
LH:7
BRF:0
BRH:0
end_of_record
TN:
SF:services/mongoServices.js
FN:8,addUser
FN:18,findUser
FN:33,findSuggestions
FN:36,(anonymous_3)
FN:44,removeSuggestions
FN:52,removeUser
FN:61,addSuggestion
FN:76,(anonymous_7)
FN:78,(anonymous_8)
FNF:9
FNH:6
FNDA:1,addUser
FNDA:2,findUser
FNDA:1,findSuggestions
FNDA:1,(anonymous_3)
FNDA:1,removeSuggestions
FNDA:1,removeUser
FNDA:0,addSuggestion
FNDA:0,(anonymous_7)
FNDA:0,(anonymous_8)
DA:9,1
DA:10,1
DA:11,1
DA:19,2
DA:20,2
DA:21,0
DA:26,2
DA:34,1
DA:36,1
DA:45,1
DA:53,1
DA:54,1
DA:62,0
DA:64,0
DA:65,0
DA:68,0
DA:76,0
DA:77,0
DA:78,0
LF:19
LH:11
BRDA:20,0,0,0
BRDA:20,0,1,2
BRDA:64,1,0,0
BRDA:64,1,1,0
BRF:4
BRH:1
end_of_record
TN:
SF:services/spotifyServices.js
FN:6,getUserId
FN:29,getUserTopTracks
FN:43,(anonymous_2)
FNF:3
FNH:0
FNDA:0,getUserId
FNDA:0,getUserTopTracks
FNDA:0,(anonymous_2)
DA:7,0
DA:9,0
DA:15,0
DA:17,0
DA:18,0
DA:20,0
DA:30,0
DA:32,0
DA:42,0
DA:43,0
LF:10
LH:0
BRDA:17,0,0,0
BRDA:17,0,1,0
BRF:2
BRH:0
end_of_record
TN:
SF:services/suggestionService.js
FN:7,getMainEmotion
FN:9,(anonymous_1)
FN:19,getRecommendedTracks
FN:31,(anonymous_3)
FN:41,getSuggestions
FNF:5
FNH:2
FNDA:1,getMainEmotion
FNDA:8,(anonymous_1)
FNDA:0,getRecommendedTracks
FNDA:0,(anonymous_3)
FNDA:0,getSuggestions
DA:8,1
DA:9,8
DA:20,0
DA:21,0
DA:30,0
DA:31,0
DA:43,0
DA:49,0
DA:50,0
LF:9
LH:2
BRDA:9,0,0,2
BRDA:9,0,1,6
BRF:2
BRH:2
end_of_record
